2024-07-01 20:33:15.787 +01:00|0.14.1.2.29197|Info|application|Application awaken, updateQueue:'Update' 
2024-07-01 20:33:15.787 +01:00|0.14.1.2.29197|Info|application|Assert.raiseExceptions:'True' 
2024-07-01 20:33:15.787 +01:00|0.14.1.2.29197|Info|application|Application obfuscation succeed. 
2024-07-01 20:33:16.794 +01:00|0.14.1.2.29197|Info|application|driveType:SSD swapDriveType:SSD 
2024-07-01 20:33:21.939 +01:00|0.14.1.2.29197|Info|application|NVIDIA Reflex is available on this machine, Status: NvReflex_OK. 
2024-07-01 20:33:26.682 +01:00|0.14.1.2.29197|Info|application|Game settings:
{
  "Language": "en",
  "QuickSlotsVisibility": "Always",
  "StaminaVisibility": "Always",
  "HealthVisibility": "Always",
  "HealthColor": "GreenToRed",
  "NotificationTransportType": "Default",
  "ConnectionType": "Default",
  "HighlightScope": "All",
  "FieldOfView": 67,
  "HeadBobbing": 0.2,
  "AutoEmptyWorkingSet": true,
  "SetAffinityToLogicalCores": false,
  "EnableHideoutPreload": false,
  "StreamerModeEnabled": false,
  "BlockGroupInvites": false,
  "ItemQuickUseMode": "InRaidAndInLobby",
  "AutoVaultingMode": "Hotkey",
  "MalfunctionVisability": true,
  "TradingIntermediateScreen": false,
  "RagfairLinesCount": 15,
  "EnvironmentUiType": "WoodEnvironmentUiType"
} 
2024-07-01 20:33:26.682 +01:00|0.14.1.2.29197|Info|application|Sound settings:
{
  "OverallVolume": 7,
  "InterfaceVolume": 3,
  "ChatVolume": 0,
  "MusicVolume": 1,
  "HideoutVolume": 10,
  "MusicOnRaidEnd": true,
  "BinauralSound": true,
  "VoipEnabled": true,
  "VoipDevice": "Default",
  "VoipDeviceSensitivity": 100
} 
2024-07-01 20:33:26.682 +01:00|0.14.1.2.29197|Info|application|PostFx settings:
{
  "EnablePostFx": true,
  "Brightness": 51,
  "Saturation": 9,
  "Clarity": 7,
  "Colorfulness": 52,
  "LumaSharpen": 0,
  "AdaptiveSharpen": 0,
  "ColorFilterType": "None",
  "Intensity": 50,
  "ColorBlindnessType": "None",
  "ColorBlindnessIntensity": 0
} 
2024-07-01 20:33:26.682 +01:00|0.14.1.2.29197|Info|application|Graphics settings:
{
  "Stored": [
    {
      "Index": 1,
      "FullScreenResolution": {
        "Width": 1920,
        "Height": 1080
      },
      "FullScreenAspectRatio": {
        "X": 16,
        "Y": 9
      },
      "WindowResolution": {
        "Width": 1920,
        "Height": 1080
      },
      "WindowAspectRatio": {
        "X": 16,
        "Y": 9
      }
    },
    {
      "Index": 0,
      "FullScreenResolution": {
        "Width": 1920,
        "Height": 1080
      },
      "FullScreenAspectRatio": {
        "X": 16,
        "Y": 9
      },
      "WindowResolution": {
        "Width": 1920,
        "Height": 1080
      },
      "WindowAspectRatio": {
        "X": 16,
        "Y": 9
      }
    }
  ],
  "DisplaySettings": {
    "Display": 0,
    "FullScreenMode": 1,
    "Resolution": {
      "Width": 1920,
      "Height": 1080
    },
    "AspectRatio": {
      "X": 16,
      "Y": 9
    }
  },
  "GraphicsQuality": null,
  "ShadowsQuality": 1,
  "TextureQuality": 1,
  "SDMode": null,
  "VSync": false,
  "LobbyFramerate": 60,
  "GameFramerate": 120,
  "SuperSampling": "Off",
  "AnisotropicFiltering": "Enable",
  "OverallVisibility": 1000.0,
  "LodBias": 2.0,
  "MipStreamingBufferSize": 32,
  "MipStreamingIOCount": 768,
  "Ssao": "FastestPerformance",
  "Sharpen": 1.0,
  "SSR": "Medium",
  "AntiAliasing": "TAA_Low",
  "NVidiaReflex": "OnAndBoost",
  "GrassShadow": false,
  "ChromaticAberrations": false,
  "Noise": false,
  "ZBlur": false,
  "HighQualityColor": true,
  "MipStreaming": false,
  "SdTarkovStreets": false,
  "DLSSMode": "Quality",
  "FSRMode": "Off",
  "FSR2Mode": "Off",
  "DLSSEnabled": true,
  "FSREnabled": false,
  "FSR2Enabled": false,
  "ShadowDistance": 40.0,
  "SuperSamplingFactor": 1.0
} 
2024-07-01 20:33:26.693 +01:00|0.14.1.2.29197|Info|application|Control settings:
{
  "InvertedXAxis": false,
  "InvertedYAxis": false,
  "MouseSensitivity": 0.7,
  "MouseAimingSensitivity": 0.5,
  "DoubleClickTimeout": 0.3,
  "axisBindings": [
    {
      "axisName": "MoveX",
      "pairs": [
        {
          "positive": {
            "keyCode": [
              "D"
            ]
          },
          "negative": {
            "keyCode": [
              "A"
            ]
          }
        },
        {
          "positive": {
            "keyCode": []
          },
          "negative": {
            "keyCode": []
          }
        }
      ]
    },
    {
      "axisName": "MoveY",
      "pairs": [
        {
          "positive": {
            "keyCode": [
              "W"
            ]
          },
          "negative": {
            "keyCode": [
              "S"
            ]
          }
        },
        {
          "positive": {
            "keyCode": []
          },
          "negative": {
            "keyCode": []
          }
        }
      ]
    },
    {
      "axisName": "TurnX",
      "pairs": [
        {
          "positive": {
            "isAxis": true,
            "keyCode": [],
            "axisName": "Mouse X",
            "positiveAxis": true,
            "sensitivity": 5.0
          },
          "negative": {
            "isAxis": true,
            "keyCode": [],
            "axisName": "Mouse X",
            "sensitivity": 5.0
          }
        },
        {
          "positive": {
            "keyCode": []
          },
          "negative": {
            "keyCode": []
          }
        }
      ]
    },
    {
      "axisName": "TurnY",
      "pairs": [
        {
          "positive": {
            "isAxis": true,
            "keyCode": [],
            "axisName": "Mouse Y",
            "sensitivity": 5.0
          },
          "negative": {
            "isAxis": true,
            "keyCode": [],
            "axisName": "Mouse Y",
            "positiveAxis": true,
            "sensitivity": 5.0
          }
        },
        {
          "positive": {
            "keyCode": []
          },
          "negative": {
            "keyCode": []
          }
        }
      ]
    },
    {
      "axisName": "LookX",
      "pairs": [
        {
          "positive": {
            "isAxis": true,
            "keyCode": [],
            "axisName": "Mouse X",
            "positiveAxis": true,
            "sensitivity": 5.0
          },
          "negative": {
            "isAxis": true,
            "keyCode": [],
            "axisName": "Mouse X",
            "sensitivity": 5.0
          }
        },
        {
          "positive": {
            "keyCode": []
          },
          "negative": {
            "keyCode": []
          }
        }
      ]
    },
    {
      "axisName": "LookY",
      "pairs": [
        {
          "positive": {
            "isAxis": true,
            "keyCode": [],
            "axisName": "Mouse Y",
            "sensitivity": 5.0
          },
          "negative": {
            "isAxis": true,
            "keyCode": [],
            "axisName": "Mouse Y",
            "positiveAxis": true,
            "sensitivity": 5.0
          }
        },
        {
          "positive": {
            "keyCode": []
          },
          "negative": {
            "keyCode": []
          }
        }
      ]
    },
    {
      "axisName": "LeanX",
      "pairs": [
        {
          "positive": {
            "keyCode": [
              "D",
              "LeftAlt"
            ],
            "positiveAxis": true,
            "sensitivity": 5.0
          },
          "negative": {
            "keyCode": [
              "A",
              "LeftAlt"
            ],
            "positiveAxis": true,
            "sensitivity": 5.0
          }
        },
        {
          "positive": {
            "keyCode": []
          },
          "negative": {
            "keyCode": []
          }
        }
      ]
    }
  ],
  "keyBindings": [
    {
      "keyName": "LeanLockRight",
      "variants": [
        {
          "keyCode": [
            "E"
          ]
        },
        {
          "keyCode": []
        }
      ],
      "pressType": "Continuous"
    },
    {
      "keyName": "LeanLockLeft",
      "variants": [
        {
          "keyCode": [
            "Q"
          ]
        },
        {
          "keyCode": []
        }
      ],
      "pressType": "Continuous"
    },
    {
      "keyName": "Shoot",
      "variants": [
        {
          "keyCode": [
            "Mouse0"
          ]
        },
        {
          "keyCode": []
        }
      ],
      "pressType": "Continuous"
    },
    {
      "keyName": "Aim",
      "variants": [
        {
          "keyCode": [
            "Mouse1"
          ]
        },
        {
          "keyCode": []
        }
      ],
      "pressType": "Release"
    },
    {
      "keyName": "ChangeAimScope",
      "variants": [
        {
          "keyCode": [
            "Mouse1",
            "LeftControl"
          ]
        },
        {
          "keyCode": []
        }
      ],
      "pressType": "Press"
    },
    {
      "keyName": "ChangeAimScopeMagnification",
      "variants": [
        {
          "keyCode": [
            "Mouse1",
            "LeftAlt"
          ]
        },
        {
          "keyCode": []
        }
      ],
      "pressType": "Press"
    },
    {
      "keyName": "Nidnod",
      "variants": [
        {
          "keyCode": [
            "Mouse2"
          ]
        },
        {
          "keyCode": []
        }
      ],
      "pressType": "Release"
    },
    {
      "keyName": "ToggleGoggles",
      "variants": [
        {
          "keyCode": [
            "N"
          ]
        },
        {
          "keyCode": []
        }
      ],
      "pressType": "Press"
    },
    {
      "keyName": "ToggleHeadLight",
      "variants": [
        {
          "keyCode": [
            "H"
          ]
        },
        {
          "keyCode": []
        }
      ],
      "pressType": "Release"
    },
    {
      "keyName": "SwitchHeadLight",
      "variants": [
        {
          "keyCode": [
            "H",
            "LeftControl"
          ]
        },
        {
          "keyCode": []
        }
      ],
      "pressType": "Release"
    },
    {
      "keyName": "ToggleVoip",
      "variants": [
        {
          "keyCode": []
        },
        {
          "keyCode": []
        }
      ],
      "pressType": "Press"
    },
    {
      "keyName": "PushToTalk",
      "variants": [
        {
          "keyCode": [
            "K"
          ]
        },
        {
          "keyCode": []
        }
      ],
      "pressType": "Continuous"
    },
    {
      "keyName": "Mumble",
      "variants": [
        {
          "keyCode": [
            "Y"
          ]
        },
        {
          "keyCode": []
        }
      ],
      "pressType": "DoubleClick"
    },
    {
      "keyName": "MumbleDropdown",
      "variants": [
        {
          "keyCode": [
            "Y"
          ]
        },
        {
          "keyCode": []
        }
      ],
      "pressType": "Continuous"
    },
    {
      "keyName": "MumbleQuick",
      "variants": [
        {
          "keyCode": [
            "Y"
          ]
        },
        {
          "keyCode": []
        }
      ],
      "pressType": "Release"
    },
    {
      "keyName": "WatchTime",
      "variants": [
        {
          "keyCode": [
            "O"
          ]
        },
        {
          "keyCode": []
        }
      ],
      "pressType": "Press"
    },
    {
      "keyName": "WatchTimerAndExits",
      "variants": [
        {
          "keyCode": [
            "O"
          ]
        },
        {
          "keyCode": []
        }
      ],
      "pressType": "DoubleClick"
    },
    {
      "keyName": "Tactical",
      "variants": [
        {
          "keyCode": [
            "T"
          ]
        },
        {
          "keyCode": []
        }
      ],
      "pressType": "Press"
    },
    {
      "keyName": "NextTacticalDevice",
      "variants": [
        {
          "keyCode": [
            "T",
            "LeftControl"
          ]
        },
        {
          "keyCode": []
        }
      ],
      "pressType": "Press"
    },
    {
      "keyName": "Next",
      "variants": [
        {
          "keyCode": [
            "UpArrow"
          ]
        },
        {
          "keyCode": []
        }
      ],
      "pressType": "Press"
    },
    {
      "keyName": "Previous",
      "variants": [
        {
          "keyCode": [
            "DownArrow"
          ]
        },
        {
          "keyCode": []
        }
      ],
      "pressType": "Release"
    },
    {
      "keyName": "Interact",
      "variants": [
        {
          "keyCode": [
            "F"
          ]
        },
        {
          "keyCode": []
        }
      ],
      "pressType": "Continuous"
    },
    {
      "keyName": "ThrowGrenade",
      "variants": [
        {
          "keyCode": [
            "G"
          ]
        },
        {
          "keyCode": []
        }
      ],
      "pressType": "Press"
    },
    {
      "keyName": "ReloadWeapon",
      "variants": [
        {
          "keyCode": [
            "R"
          ]
        },
        {
          "keyCode": []
        }
      ],
      "pressType": "Release"
    },
    {
      "keyName": "QuickReloadWeapon",
      "variants": [
        {
          "keyCode": [
            "R"
          ]
        },
        {
          "keyCode": []
        }
      ],
      "pressType": "DoubleClick"
    },
    {
      "keyName": "DropBackpack",
      "variants": [
        {
          "keyCode": [
            "Z"
          ]
        },
        {
          "keyCode": []
        }
      ],
      "pressType": "DoubleClick"
    },
    {
      "keyName": "NextMagazine",
      "variants": [
        {
          "isAxis": true,
          "keyCode": [
            "R"
          ],
          "axisName": "Mouse Scroll",
          "positiveAxis": true
        },
        {
          "keyCode": []
        }
      ],
      "pressType": "Press"
    },
    {
      "keyName": "PreviousMagazine",
      "variants": [
        {
          "isAxis": true,
          "keyCode": [
            "R"
          ],
          "axisName": "Mouse Scroll"
        },
        {
          "keyCode": []
        }
      ],
      "pressType": "Press"
    },
    {
      "keyName": "ChangePointOfView",
      "variants": [
        {
          "keyCode": [
            "Home"
          ]
        },
        {
          "keyCode": []
        }
      ],
      "pressType": "Press"
    },
    {
      "keyName": "CheckAmmo",
      "variants": [
        {
          "keyCode": [
            "T",
            "LeftAlt"
          ]
        },
        {
          "keyCode": []
        }
      ],
      "pressType": "Press"
    },
    {
      "keyName": "ShootingMode",
      "variants": [
        {
          "keyCode": [
            "B"
          ]
        },
        {
          "keyCode": []
        }
      ],
      "pressType": "Press"
    },
    {
      "keyName": "ForceAutoWeaponMode",
      "variants": [
        {
          "keyCode": [
            "B"
          ]
        },
        {
          "keyCode": []
        }
      ],
      "pressType": "DoubleClick"
    },
    {
      "keyName": "CheckFireMode",
      "variants": [
        {
          "keyCode": [
            "B",
            "LeftAlt"
          ]
        },
        {
          "keyCode": []
        }
      ],
      "pressType": "Press"
    },
    {
      "keyName": "CheckChamber",
      "variants": [
        {
          "keyCode": [
            "T",
            "LeftShift"
          ]
        },
        {
          "keyCode": []
        }
      ],
      "pressType": "Press"
    },
    {
      "keyName": "ChamberUnload",
      "variants": [
        {
          "keyCode": [
            "R",
            "LeftControl"
          ]
        },
        {
          "keyCode": []
        }
      ],
      "pressType": "Press"
    },
    {
      "keyName": "UnloadMagazine",
      "variants": [
        {
          "keyCode": [
            "R",
            "LeftAlt"
          ]
        },
        {
          "keyCode": []
        }
      ],
      "pressType": "Press"
    },
    {
      "keyName": "Prone",
      "variants": [
        {
          "keyCode": [
            "X"
          ]
        },
        {
          "keyCode": []
        }
      ],
      "pressType": "Press"
    },
    {
      "keyName": "Sprint",
      "variants": [
        {
          "keyCode": [
            "LeftShift"
          ]
        },
        {
          "keyCode": []
        }
      ],
      "pressType": "Press"
    },
    {
      "keyName": "Duck",
      "variants": [
        {
          "keyCode": [
            "C"
          ]
        },
        {
          "keyCode": []
        }
      ],
      "pressType": "Release"
    },
    {
      "keyName": "NextWalkPose",
      "variants": [
        {
          "isAxis": true,
          "keyCode": [
            "C"
          ],
          "axisName": "Mouse Scroll",
          "positiveAxis": true
        },
        {
          "keyCode": []
        }
      ],
      "pressType": "Press"
    },
    {
      "keyName": "PreviousWalkPose",
      "variants": [
        {
          "isAxis": true,
          "keyCode": [
            "C"
          ],
          "axisName": "Mouse Scroll"
        },
        {
          "keyCode": []
        }
      ],
      "pressType": "Press"
    },
    {
      "keyName": "Walk",
      "variants": [
        {
          "keyCode": [
            "CapsLock"
          ]
        },
        {
          "keyCode": []
        }
      ],
      "pressType": "Press"
    },
    {
      "keyName": "BlindShootAbove",
      "variants": [
        {
          "keyCode": [
            "W",
            "LeftAlt"
          ]
        },
        {
          "keyCode": []
        }
      ],
      "pressType": "Continuous"
    },
    {
      "keyName": "BlindShootRight",
      "variants": [
        {
          "keyCode": [
            "S",
            "LeftAlt"
          ]
        },
        {
          "keyCode": []
        }
      ],
      "pressType": "Continuous"
    },
    {
      "keyName": "StepRight",
      "variants": [
        {
          "keyCode": [
            "E",
            "LeftAlt"
          ]
        },
        {
          "keyCode": []
        }
      ],
      "pressType": "Continuous"
    },
    {
      "keyName": "StepLeft",
      "variants": [
        {
          "keyCode": [
            "Q",
            "LeftAlt"
          ]
        },
        {
          "keyCode": []
        }
      ],
      "pressType": "Continuous"
    },
    {
      "keyName": "ExamineWeapon",
      "variants": [
        {
          "keyCode": [
            "L"
          ]
        },
        {
          "keyCode": []
        }
      ],
      "pressType": "Press"
    },
    {
      "keyName": "FoldStock",
      "variants": [
        {
          "keyCode": [
            "L",
            "LeftAlt"
          ]
        },
        {
          "keyCode": []
        }
      ],
      "pressType": "Press"
    },
    {
      "keyName": "Inventory",
      "variants": [
        {
          "keyCode": [
            "Tab"
          ]
        },
        {
          "keyCode": []
        }
      ],
      "pressType": "Press"
    },
    {
      "keyName": "Jump",
      "variants": [
        {
          "keyCode": [
            "Space"
          ]
        },
        {
          "keyCode": []
        }
      ],
      "pressType": "Release"
    },
    {
      "keyName": "Knife",
      "variants": [
        {
          "keyCode": [
            "V"
          ]
        },
        {
          "keyCode": []
        }
      ],
      "pressType": "Press"
    },
    {
      "keyName": "QuickKnife",
      "variants": [
        {
          "keyCode": [
            "V"
          ]
        },
        {
          "keyCode": []
        }
      ],
      "pressType": "DoubleClick"
    },
    {
      "keyName": "PrimaryWeaponFirst",
      "variants": [
        {
          "keyCode": [
            "Alpha2"
          ]
        },
        {
          "keyCode": []
        }
      ],
      "pressType": "Press"
    },
    {
      "keyName": "PrimaryWeaponSecond",
      "variants": [
        {
          "keyCode": [
            "Alpha3"
          ]
        },
        {
          "keyCode": []
        }
      ],
      "pressType": "Press"
    },
    {
      "keyName": "SecondaryWeapon",
      "variants": [
        {
          "keyCode": [
            "Alpha1"
          ]
        },
        {
          "keyCode": []
        }
      ],
      "pressType": "Press"
    },
    {
      "keyName": "QuickSecondaryWeapon",
      "variants": [
        {
          "keyCode": [
            "Alpha1"
          ]
        },
        {
          "keyCode": []
        }
      ],
      "pressType": "DoubleClick"
    },
    {
      "keyName": "Slot4",
      "variants": [
        {
          "keyCode": [
            "Alpha4"
          ]
        },
        {
          "keyCode": []
        }
      ],
      "pressType": "Release"
    },
    {
      "keyName": "Slot5",
      "variants": [
        {
          "keyCode": [
            "Alpha5"
          ]
        },
        {
          "keyCode": []
        }
      ],
      "pressType": "Release"
    },
    {
      "keyName": "Slot6",
      "variants": [
        {
          "keyCode": [
            "Alpha6"
          ]
        },
        {
          "keyCode": []
        }
      ],
      "pressType": "Release"
    },
    {
      "keyName": "Slot7",
      "variants": [
        {
          "keyCode": [
            "Alpha7"
          ]
        },
        {
          "keyCode": []
        }
      ],
      "pressType": "Release"
    },
    {
      "keyName": "Slot8",
      "variants": [
        {
          "keyCode": [
            "Alpha8"
          ]
        },
        {
          "keyCode": []
        }
      ],
      "pressType": "Release"
    },
    {
      "keyName": "Slot9",
      "variants": [
        {
          "keyCode": [
            "Alpha9"
          ]
        },
        {
          "keyCode": []
        }
      ],
      "pressType": "Release"
    },
    {
      "keyName": "Slot0",
      "variants": [
        {
          "keyCode": [
            "Alpha0"
          ]
        },
        {
          "keyCode": []
        }
      ],
      "pressType": "Release"
    },
    {
      "keyName": "OpticCalibrationSwitchUp",
      "variants": [
        {
          "keyCode": [
            "PageUp"
          ]
        },
        {
          "keyCode": []
        }
      ],
      "pressType": "Press"
    },
    {
      "keyName": "OpticCalibrationSwitchDown",
      "variants": [
        {
          "keyCode": [
            "PageDown"
          ]
        },
        {
          "keyCode": []
        }
      ],
      "pressType": "Press"
    },
    {
      "keyName": "MakeScreenshot",
      "variants": [
        {
          "keyCode": [
            "SysReq"
          ]
        },
        {
          "keyCode": []
        }
      ],
      "pressType": "Press"
    },
    {
      "keyName": "ThrowItem",
      "variants": [
        {
          "keyCode": [
            "Delete"
          ]
        },
        {
          "keyCode": []
        }
      ],
      "pressType": "Press"
    },
    {
      "keyName": "Breath",
      "variants": [
        {
          "keyCode": [
            "LeftAlt"
          ]
        },
        {
          "keyCode": []
        }
      ],
      "pressType": "Press"
    },
    {
      "keyName": "ToggleInfo",
      "variants": [
        {
          "keyCode": [
            "I"
          ]
        },
        {
          "keyCode": []
        }
      ],
      "pressType": "Press"
    },
    {
      "keyName": "Console",
      "variants": [
        {
          "keyCode": [
            "Slash"
          ]
        },
        {
          "keyCode": []
        }
      ],
      "pressType": "Press"
    },
    {
      "keyName": "LeftStance",
      "variants": [
        {
          "keyCode": [
            "Mouse4"
          ]
        },
        {
          "keyCode": []
        }
      ],
      "pressType": "Press"
    },
    {
      "keyName": "Vaulting",
      "variants": [
        {
          "keyCode": [
            "Space"
          ]
        },
        {
          "keyCode": []
        }
      ],
      "pressType": "Continuous"
    },
    {
      "keyName": "PressSlot4",
      "variants": [
        {
          "keyCode": [
            "Alpha4"
          ]
        },
        {
          "keyCode": []
        }
      ],
      "pressType": "Press"
    },
    {
      "keyName": "PressSlot5",
      "variants": [
        {
          "keyCode": [
            "Alpha5"
          ]
        },
        {
          "keyCode": []
        }
      ],
      "pressType": "Press"
    },
    {
      "keyName": "PressSlot6",
      "variants": [
        {
          "keyCode": [
            "Alpha6"
          ]
        },
        {
          "keyCode": []
        }
      ],
      "pressType": "Press"
    },
    {
      "keyName": "PressSlot7",
      "variants": [
        {
          "keyCode": [
            "Alpha7"
          ]
        },
        {
          "keyCode": []
        }
      ],
      "pressType": "Press"
    },
    {
      "keyName": "PressSlot8",
      "variants": [
        {
          "keyCode": [
            "Alpha8"
          ]
        },
        {
          "keyCode": []
        }
      ],
      "pressType": "Press"
    },
    {
      "keyName": "PressSlot9",
      "variants": [
        {
          "keyCode": [
            "Alpha9"
          ]
        },
        {
          "keyCode": []
        }
      ],
      "pressType": "Press"
    },
    {
      "keyName": "PressSlot0",
      "variants": [
        {
          "keyCode": [
            "Alpha0"
          ]
        },
        {
          "keyCode": []
        }
      ],
      "pressType": "Press"
    }
  ]
} 
2024-07-01 20:33:40.569 +01:00|0.14.1.2.29197|Info|application|SelectProfile ProfileId:664d23470003209f18619b64 AccountId:1954761 
2024-07-01 20:33:46.286 +01:00|0.14.1.2.29197|Debug|application|totalMemoryBeforeCleanUp 817.9063 
2024-07-01 20:33:46.286 +01:00|0.14.1.2.29197|Debug|application|GC::Collect 
2024-07-01 20:33:46.589 +01:00|0.14.1.2.29197|Debug|application|GC::Collect Aggressive 
2024-07-01 20:33:47.213 +01:00|0.14.1.2.29197|Debug|application|collectedMemoryGB 0.0078125 
2024-07-01 20:38:38.799 +01:00|0.14.1.2.29197|Debug|application|TRACE-NetworkGameMatching H 
2024-07-01 20:38:38.799 +01:00|0.14.1.2.29197|Debug|application|TRACE-NetworkGameMatching I 
2024-07-01 20:38:55.821 +01:00|0.14.1.2.29197|Debug|application|TRACE-GamePrepare 2 
2024-07-01 20:40:31.911 +01:00|0.14.1.2.29197|Debug|application|Heap pre-allocation - disabled 
2024-07-01 20:40:32.330 +01:00|0.14.1.2.29197|Debug|application|totalMemoryBeforeCleanUp 1430.164 
2024-07-01 20:40:32.330 +01:00|0.14.1.2.29197|Debug|application|GC::Collect 
2024-07-01 20:40:32.723 +01:00|0.14.1.2.29197|Debug|application|GC::Collect Aggressive 
2024-07-01 20:40:33.525 +01:00|0.14.1.2.29197|Debug|application|collectedMemoryGB 0.1132813 
2024-07-01 20:40:33.956 +01:00|0.14.1.2.29197|Debug|application|GC mode switched to Disabled 
2024-07-01 20:57:14.781 +01:00|0.14.1.2.29197|Debug|application|totalMemoryBeforeCleanUp 10610.48 
2024-07-01 20:57:14.781 +01:00|0.14.1.2.29197|Debug|application|GC mode switched to Enabled 
2024-07-01 20:57:14.781 +01:00|0.14.1.2.29197|Debug|application|GC::Collect 
2024-07-01 20:57:19.235 +01:00|0.14.1.2.29197|Debug|application|GC::Collect Aggressive 
2024-07-01 20:57:22.976 +01:00|0.14.1.2.29197|Debug|application|collectedMemoryGB 8451.184 
2024-07-01 20:57:22.976 +01:00|0.14.1.2.29197|Debug|application|GC mode switched to Disabled 
2024-07-01 20:57:25.387 +01:00|0.14.1.2.29197|Info|application|SelectProfile ProfileId:664d23470003209f18619b64 AccountId:1954761 
2024-07-01 20:58:48.359 +01:00|0.14.1.2.29197|Debug|application|totalMemoryBeforeCleanUp 2229.77 
2024-07-01 20:58:48.359 +01:00|0.14.1.2.29197|Debug|application|GC mode switched to Enabled 
2024-07-01 20:58:48.359 +01:00|0.14.1.2.29197|Debug|application|GC::Collect 
2024-07-01 20:58:49.034 +01:00|0.14.1.2.29197|Debug|application|GC::Collect Aggressive 
2024-07-01 20:58:50.235 +01:00|0.14.1.2.29197|Debug|application|collectedMemoryGB 566.8789 
2024-07-01 20:58:50.235 +01:00|0.14.1.2.29197|Debug|application|GC mode switched to Disabled 
2024-07-01 20:59:03.158 +01:00|0.14.1.2.29197|Info|application|SelectProfile ProfileId:664d23470003209f18619b64 AccountId:1954761 
2024-07-01 20:59:08.021 +01:00|0.14.1.2.29197|Debug|application|totalMemoryBeforeCleanUp 2592.172 
2024-07-01 20:59:08.021 +01:00|0.14.1.2.29197|Debug|application|GC mode switched to Enabled 
2024-07-01 20:59:08.021 +01:00|0.14.1.2.29197|Debug|application|GC::Collect 
2024-07-01 20:59:09.431 +01:00|0.14.1.2.29197|Debug|application|GC::Collect Aggressive 
2024-07-01 20:59:11.129 +01:00|0.14.1.2.29197|Debug|application|collectedMemoryGB 738.3438 
2024-07-01 20:59:11.129 +01:00|0.14.1.2.29197|Debug|application|GC mode switched to Disabled 
2024-07-01 20:59:12.460 +01:00|0.14.1.2.29197|Debug|application|GC mode switched to Enabled 
2024-07-01 21:06:00.340 +01:00|0.14.1.2.29197|Debug|application|TRACE-NetworkGameMatching H 
2024-07-01 21:06:00.340 +01:00|0.14.1.2.29197|Debug|application|TRACE-NetworkGameMatching I 
2024-07-01 21:06:16.925 +01:00|0.14.1.2.29197|Debug|application|TRACE-GamePrepare 2 
2024-07-01 21:06:59.929 +01:00|0.14.1.2.29197|Debug|application|Heap pre-allocation - disabled 
2024-07-01 21:07:00.635 +01:00|0.14.1.2.29197|Debug|application|totalMemoryBeforeCleanUp 2281.895 
2024-07-01 21:07:00.635 +01:00|0.14.1.2.29197|Debug|application|GC::Collect 
2024-07-01 21:07:01.298 +01:00|0.14.1.2.29197|Debug|application|GC::Collect Aggressive 
2024-07-01 21:07:02.669 +01:00|0.14.1.2.29197|Debug|application|collectedMemoryGB -0.04296875 
2024-07-01 21:07:03.230 +01:00|0.14.1.2.29197|Debug|application|GC mode switched to Disabled 
2024-07-01 21:30:33.358 +01:00|0.14.1.2.29197|Debug|application|totalMemoryBeforeCleanUp 16918.22 
2024-07-01 21:30:33.358 +01:00|0.14.1.2.29197|Debug|application|GC mode switched to Enabled 
2024-07-01 21:30:33.358 +01:00|0.14.1.2.29197|Debug|application|GC::Collect 
2024-07-01 21:30:41.697 +01:00|0.14.1.2.29197|Debug|application|GC::Collect Aggressive 
2024-07-01 21:30:46.218 +01:00|0.14.1.2.29197|Debug|application|collectedMemoryGB 13967.72 
2024-07-01 21:30:46.218 +01:00|0.14.1.2.29197|Debug|application|GC mode switched to Disabled 
2024-07-01 21:30:48.721 +01:00|0.14.1.2.29197|Info|application|SelectProfile ProfileId:664d23470003209f18619b64 AccountId:1954761 
2024-07-01 21:31:04.361 +01:00|0.14.1.2.29197|Debug|application|totalMemoryBeforeCleanUp 3042.012 
2024-07-01 21:31:04.361 +01:00|0.14.1.2.29197|Debug|application|GC mode switched to Enabled 
2024-07-01 21:31:04.361 +01:00|0.14.1.2.29197|Debug|application|GC::Collect 
2024-07-01 21:31:05.230 +01:00|0.14.1.2.29197|Debug|application|GC::Collect Aggressive 
2024-07-01 21:31:06.886 +01:00|0.14.1.2.29197|Debug|application|collectedMemoryGB 554.9063 
2024-07-01 21:31:06.886 +01:00|0.14.1.2.29197|Debug|application|GC mode switched to Disabled 
2024-07-01 21:31:16.459 +01:00|0.14.1.2.29197|Info|application|SelectProfile ProfileId:664d23470003209f18619b64 AccountId:1954761 
2024-07-01 21:31:21.129 +01:00|0.14.1.2.29197|Debug|application|totalMemoryBeforeCleanUp 3172.605 
2024-07-01 21:31:21.129 +01:00|0.14.1.2.29197|Debug|application|GC mode switched to Enabled 
2024-07-01 21:31:21.129 +01:00|0.14.1.2.29197|Debug|application|GC::Collect 
2024-07-01 21:31:23.301 +01:00|0.14.1.2.29197|Debug|application|GC::Collect Aggressive 
2024-07-01 21:31:25.715 +01:00|0.14.1.2.29197|Debug|application|collectedMemoryGB 651.9609 
2024-07-01 21:31:25.715 +01:00|0.14.1.2.29197|Debug|application|GC mode switched to Disabled 
2024-07-01 21:31:27.090 +01:00|0.14.1.2.29197|Debug|application|GC mode switched to Enabled 
